2025-06-09T13:09:57.070Z [info]: [90mGET /api/articulos[39m [36m304[39m [90m589ms[39m
2025-06-09T13:09:57.086Z [info]: [90mGET /api/clientes[39m [36m304[39m [90m615ms[39m
2025-06-09T13:09:57.154Z [info]: [90mGET /api/sales/resumen-mensual[39m [36m304[39m [90m669ms[39m
2025-06-09T13:09:57.162Z [info]: [90mGET /api/articulos[39m [36m304[39m [90m82ms[39m
2025-06-09T13:09:57.226Z [info]: [90mGET /api/clientes[39m [36m304[39m [90m137ms[39m
2025-06-09T13:09:57.299Z [info]: [90mGET /api/clientes[39m [36m304[39m [90m72ms[39m
2025-06-09T13:09:57.373Z [info]: [90mGET /api/clientes[39m [36m304[39m [90m72ms[39m
2025-06-09T13:09:57.495Z [info]: [90mGET /api/sales[39m [36m304[39m [90m1012ms[39m
2025-06-09T13:09:57.502Z [info]: [90mGET /api/pedidos[39m [36m304[39m [90m1019ms[39m
2025-06-09T14:30:51.148Z [info]: [90mGET /api/articulos[39m [36m304[39m [90m1249ms[39m
2025-06-09T14:30:51.158Z [info]: [90mGET /api/pedidos[39m [36m304[39m [90m1259ms[39m
2025-06-09T14:30:51.236Z [info]: [90mGET /api/clientes[39m [36m304[39m [90m1350ms[39m
2025-06-09T14:30:51.242Z [info]: [90mGET /api/articulos[39m [36m304[39m [90m91ms[39m
2025-06-09T14:30:51.313Z [info]: [90mGET /api/clientes[39m [36m304[39m [90m73ms[39m
2025-06-09T14:30:51.386Z [info]: [90mGET /api/clientes[39m [36m304[39m [90m72ms[39m
2025-06-09T14:30:51.461Z [info]: [90mGET /api/clientes[39m [36m304[39m [90m72ms[39m
2025-06-09T14:30:51.559Z [info]: [90mGET /api/sales[39m [36m304[39m [90m1659ms[39m
2025-06-09T14:30:51.568Z [info]: [90mGET /api/sales/resumen-mensual[39m [36m304[39m [90m1668ms[39m
2025-06-09T14:36:21.127Z [info]: [90mGET /api/articulos[39m [36m304[39m [90m2376ms[39m
2025-06-09T14:36:21.134Z [info]: [90mGET /api/clientes[39m [36m304[39m [90m2396ms[39m
2025-06-09T14:36:21.251Z [info]: [90mGET /api/sales/resumen-mensual[39m [36m304[39m [90m2498ms[39m
2025-06-09T14:36:21.260Z [info]: [90mGET /api/articulos[39m [36m304[39m [90m130ms[39m
2025-06-09T14:36:21.643Z [info]: [90mGET /api/clientes[39m [36m304[39m [90m508ms[39m
2025-06-09T14:36:22.022Z [info]: [90mGET /api/clientes[39m [36m304[39m [90m377ms[39m
2025-06-09T14:36:22.261Z [info]: [90mGET /api/clientes[39m [36m304[39m [90m236ms[39m
2025-06-09T14:36:22.341Z [info]: [90mGET /api/sales[39m [36m304[39m [90m3588ms[39m
2025-06-09T14:36:22.343Z [info]: [90mGET /api/pedidos[39m [36m304[39m [90m3592ms[39m
2025-06-09T15:01:11.982Z [info]: [90mGET /api/sales[39m [31m500[39m [90m30016ms[39m
2025-06-09T15:01:11.984Z [info]: [90mGET /api/pedidos[39m [31m500[39m [90m30006ms[39m
2025-06-09T15:01:11.985Z [info]: [90mGET /api/sales/resumen-mensual[39m [31m500[39m [90m30006ms[39m
2025-06-09T15:03:37.493Z [info]: [90mGET /api/clientes[39m [31m500[39m [90m154232ms[39m
2025-06-09T15:03:37.532Z [info]: [90mGET /api/articulos[39m [31m500[39m [90m154270ms[39m
2025-06-09T15:03:37.534Z [info]: [90mGET /api/pedidos[39m [31m500[39m [90m154271ms[39m
2025-06-09T15:03:37.535Z [info]: [90mGET /api/sales[39m [31m500[39m [90m154267ms[39m
2025-06-09T15:03:37.536Z [info]: [90mGET /api/sales/resumen-mensual[39m [31m500[39m [90m154267ms[39m
2025-06-09T15:04:07.541Z [info]: [90mGET /api/clientes[39m [31m500[39m [90m30004ms[39m
2025-06-09T15:04:07.547Z [info]: [90mGET /api/articulos[39m [31m500[39m [90m30010ms[39m
2025-06-09T15:04:15.130Z [info]: [90mGET /api/clientes[39m [31m500[39m [90m30003ms[39m
2025-06-09T15:04:15.131Z [info]: [90mGET /api/clientes[39m [31m500[39m [90m30004ms[39m
2025-06-09T15:04:48.849Z [info]: [90mGET /api/clientes[39m [31m500[39m [90m48726ms[39m
2025-06-09T15:04:48.851Z [info]: [90mGET /api/articulos[39m [31m500[39m [90m48728ms[39m
2025-06-09T15:04:48.851Z [info]: [90mGET /api/pedidos[39m [31m500[39m [90m48727ms[39m
2025-06-09T15:04:48.852Z [info]: [90mGET /api/sales[39m [31m500[39m [90m48728ms[39m
2025-06-09T15:04:48.853Z [info]: [90mGET /api/sales/resumen-mensual[39m [31m500[39m [90m48727ms[39m
2025-06-09T15:04:50.131Z [info]: [90mGET /api/clientes[39m [31m500[39m [90m30004ms[39m
2025-06-09T15:05:18.856Z [info]: [90mGET /api/clientes[39m [31m500[39m [90m30002ms[39m
2025-06-09T15:05:18.864Z [info]: [90mGET /api/articulos[39m [31m500[39m [90m30010ms[39m
2025-06-09T15:05:18.865Z [info]: [90mGET /api/clientes[39m [31m500[39m [90m30010ms[39m
2025-06-09T15:07:45.126Z [info]: [90mGET /api/clientes[39m [31m500[39m [90m154341ms[39m
2025-06-09T15:07:45.127Z [info]: [90mGET /api/articulos[39m [31m500[39m [90m154341ms[39m
2025-06-09T15:07:45.128Z [info]: [90mGET /api/pedidos[39m [31m500[39m [90m154341ms[39m
2025-06-09T15:07:45.128Z [info]: [90mGET /api/sales[39m [31m500[39m [90m154341ms[39m
2025-06-09T15:07:45.128Z [info]: [90mGET /api/sales/resumen-mensual[39m [31m500[39m [90m154340ms[39m
2025-06-09T15:07:45.131Z [info]: [90mGET /api/clientes[39m [31m500[39m [90m134349ms[39m
2025-06-09T15:07:46.239Z [info]: [90mGET /api/articulos[39m [32m200[39m [90m1107ms[39m
2025-06-09T15:07:46.254Z [info]: [90mGET /api/clientes[39m [32m200[39m [90m1123ms[39m
2025-06-09T15:07:46.668Z [info]: [90mGET /api/clientes[39m [32m200[39m [90m1535ms[39m
2025-06-09T15:08:01.729Z [info]: [90mGET /api/articulos[39m [32m200[39m [90m74ms[39m
2025-06-09T15:08:01.731Z [info]: [90mGET /api/pedidos[39m [32m200[39m [90m78ms[39m
2025-06-09T15:08:01.733Z [info]: [90mGET /api/clientes[39m [32m200[39m [90m82ms[39m
2025-06-09T15:08:01.811Z [info]: [90mGET /api/clientes[39m [36m304[39m [90m75ms[39m
2025-06-09T15:08:01.830Z [info]: [90mGET /api/articulos[39m [36m304[39m [90m97ms[39m
2025-06-09T15:08:01.892Z [info]: [90mGET /api/clientes[39m [36m304[39m [90m80ms[39m
2025-06-09T15:08:01.969Z [info]: [90mGET /api/clientes[39m [36m304[39m [90m76ms[39m
2025-06-09T15:08:02.214Z [info]: [90mGET /api/sales/resumen-mensual[39m [32m200[39m [90m557ms[39m
2025-06-09T15:08:02.674Z [info]: [90mGET /api/sales[39m [32m200[39m [90m1020ms[39m
2025-06-09T15:08:24.833Z [info]: [90mGET /api/articulos[39m [36m304[39m [90m179ms[39m
2025-06-09T15:08:24.835Z [info]: [90mGET /api/sales[39m [36m304[39m [90m180ms[39m
2025-06-09T15:08:24.837Z [info]: [90mGET /api/pedidos[39m [36m304[39m [90m182ms[39m
2025-06-09T15:08:24.839Z [info]: [90mGET /api/clientes[39m [36m304[39m [90m189ms[39m
2025-06-09T15:08:24.840Z [info]: [90mGET /api/sales/resumen-mensual[39m [36m304[39m [90m184ms[39m
2025-06-09T15:08:25.009Z [info]: [90mGET /api/articulos[39m [36m304[39m [90m167ms[39m
2025-06-09T15:08:25.012Z [info]: [90mGET /api/clientes[39m [36m304[39m [90m157ms[39m
2025-06-09T15:08:25.186Z [info]: [90mGET /api/clientes[39m [36m304[39m [90m173ms[39m
2025-06-09T15:08:25.361Z [info]: [90mGET /api/clientes[39m [36m304[39m [90m173ms[39m
2025-06-09T15:08:34.835Z [info]: [90mGET /api/articulos[39m [36m304[39m [90m188ms[39m
2025-06-09T15:08:34.839Z [info]: [90mGET /api/pedidos[39m [36m304[39m [90m191ms[39m
2025-06-09T15:08:34.840Z [info]: [90mGET /api/clientes[39m [36m304[39m [90m197ms[39m
2025-06-09T15:08:34.843Z [info]: [90mGET /api/sales[39m [36m304[39m [90m194ms[39m
2025-06-09T15:08:34.844Z [info]: [90mGET /api/sales/resumen-mensual[39m [36m304[39m [90m196ms[39m
2025-06-09T15:08:34.948Z [info]: [90mGET /api/articulos[39m [36m304[39m [90m103ms[39m
2025-06-09T15:08:34.949Z [info]: [90mGET /api/clientes[39m [36m304[39m [90m104ms[39m
2025-06-09T15:08:35.145Z [info]: [90mGET /api/clientes[39m [36m304[39m [90m195ms[39m
2025-06-09T15:08:35.234Z [info]: [90mGET /api/clientes[39m [36m304[39m [90m86ms[39m
2025-06-09T15:11:17.776Z [info]: [90mGET /api/articulos[39m [36m304[39m [90m11793ms[39m
2025-06-09T15:11:17.876Z [info]: [90mGET /api/sales/resumen-mensual[39m [36m304[39m [90m11889ms[39m
2025-06-09T15:11:17.963Z [info]: [90mGET /api/pedidos[39m [36m304[39m [90m11977ms[39m
2025-06-09T15:11:18.405Z [info]: [90mGET /api/sales[39m [36m304[39m [90m12419ms[39m
2025-06-09T15:11:19.116Z [info]: [90mGET /api/articulos[39m [36m304[39m [90m1338ms[39m
2025-06-09T15:11:24.180Z [info]: [90mGET /api/clientes[39m [36m304[39m [90m18204ms[39m
2025-06-09T15:11:24.265Z [info]: [90mGET /api/clientes[39m [36m304[39m [90m80ms[39m
2025-06-09T15:11:24.442Z [info]: [90mGET /api/clientes[39m [36m304[39m [90m174ms[39m
2025-06-09T15:11:24.522Z [info]: [90mGET /api/clientes[39m [36m304[39m [90m77ms[39m
2025-06-09T15:11:27.254Z [info]: [90mGET /api/clientes[39m [36m304[39m [90m79ms[39m
2025-06-09T15:11:27.255Z [info]: [90mGET /api/articulos[39m [36m304[39m [90m78ms[39m
2025-06-09T15:11:27.255Z [info]: [90mGET /api/pedidos[39m [36m304[39m [90m79ms[39m
2025-06-09T15:11:27.256Z [info]: [90mGET /api/sales[39m [36m304[39m [90m79ms[39m
2025-06-09T15:11:27.256Z [info]: [90mGET /api/sales/resumen-mensual[39m [36m304[39m [90m78ms[39m
2025-06-09T15:11:27.336Z [info]: [90mGET /api/clientes[39m [36m304[39m [90m77ms[39m
2025-06-09T15:11:27.338Z [info]: [90mGET /api/articulos[39m [36m304[39m [90m79ms[39m
2025-06-09T15:11:27.415Z [info]: [90mGET /api/clientes[39m [36m304[39m [90m75ms[39m
2025-06-09T15:11:27.493Z [info]: [90mGET /api/clientes[39m [36m304[39m [90m76ms[39m
2025-06-09T15:41:40.537Z [info]: [90mGET /api/clientes[39m [36m304[39m [90m763ms[39m
2025-06-09T15:41:41.028Z [info]: [90mGET /api/articulos[39m [36m304[39m [90m1241ms[39m
2025-06-09T15:41:41.104Z [info]: [90mGET /api/clientes[39m [36m304[39m [90m564ms[39m
2025-06-09T15:41:41.173Z [info]: [90mGET /api/sales[39m [36m304[39m [90m1384ms[39m
2025-06-09T15:41:41.180Z [info]: [90mGET /api/articulos[39m [36m304[39m [90m151ms[39m
2025-06-09T15:41:41.220Z [info]: [90mGET /api/pedidos[39m [36m304[39m [90m1431ms[39m
2025-06-09T15:41:41.284Z [info]: [90mGET /api/sales/resumen-mensual[39m [36m304[39m [90m1495ms[39m
2025-06-09T15:41:42.322Z [info]: [90mGET /api/clientes[39m [36m304[39m [90m1216ms[39m
2025-06-09T15:41:42.417Z [info]: [90mGET /api/clientes[39m [36m304[39m [90m92ms[39m
2025-06-09T15:46:17.922Z [info]: [90mGET /api/articulos[39m [36m304[39m [90m1100ms[39m
2025-06-09T15:46:17.924Z [info]: [90mGET /api/clientes[39m [36m304[39m [90m1110ms[39m
2025-06-09T15:46:18.040Z [info]: [90mGET /api/sales/resumen-mensual[39m [36m304[39m [90m1214ms[39m
2025-06-09T15:46:18.046Z [info]: [90mGET /api/articulos[39m [36m304[39m [90m121ms[39m
2025-06-09T15:46:18.410Z [info]: [90mGET /api/clientes[39m [36m304[39m [90m484ms[39m
2025-06-09T15:46:18.412Z [info]: [90mGET /api/clientes[39m [36m304[39m [90m460ms[39m
2025-06-09T15:46:19.229Z [info]: [90mGET /api/pedidos[39m [36m304[39m [90m2406ms[39m
2025-06-09T15:46:19.325Z [info]: [90mGET /api/sales[39m [36m304[39m [90m509ms[39m
2025-06-09T15:46:19.427Z [info]: [90mGET /api/articulos[39m [36m304[39m [90m613ms[39m
2025-06-09T15:46:19.430Z [info]: [90mGET /api/clientes[39m [32m200[39m [90m618ms[39m
2025-06-09T15:46:19.434Z [info]: [90mGET /api/sales/resumen-mensual[39m [36m304[39m [90m617ms[39m
2025-06-09T15:46:19.550Z [info]: [90mGET /api/clientes[39m [32m200[39m [90m732ms[39m
2025-06-09T15:46:19.557Z [info]: [90mGET /api/clientes[39m [32m200[39m [90m228ms[39m
2025-06-09T15:46:19.560Z [info]: [90mGET /api/articulos[39m [36m304[39m [90m123ms[39m
2025-06-09T15:46:19.561Z [info]: [90mGET /api/sales[39m [36m304[39m [90m2737ms[39m
2025-06-09T15:46:20.041Z [info]: [90mGET /api/pedidos[39m [36m304[39m [90m1222ms[39m
2025-06-09T15:46:20.109Z [info]: [90mGET /api/clientes[39m [36m304[39m [90m548ms[39m
2025-06-09T16:05:42.144Z [info]: [90mGET /api/pedidos[39m [36m304[39m [90m3247ms[39m
2025-06-09T16:05:42.227Z [info]: [90mGET /api/clientes[39m [36m304[39m [90m3342ms[39m
2025-06-09T16:05:42.310Z [info]: [90mGET /api/clientes[39m [36m304[39m [90m81ms[39m
2025-06-09T16:05:42.381Z [info]: [90mGET /api/articulos[39m [36m304[39m [90m3487ms[39m
2025-06-09T16:05:42.393Z [info]: [90mGET /api/clientes[39m [36m304[39m [90m81ms[39m
2025-06-09T16:05:42.460Z [info]: [90mGET /api/articulos[39m [36m304[39m [90m77ms[39m
2025-06-09T16:05:42.476Z [info]: [90mGET /api/clientes[39m [36m304[39m [90m80ms[39m
2025-06-09T16:05:43.254Z [info]: [90mGET /api/sales[39m [36m304[39m [90m4349ms[39m
2025-06-09T16:05:43.558Z [info]: [90mGET /api/sales/resumen-mensual[39m [36m304[39m [90m4651ms[39m
2025-06-09T16:05:56.950Z [info]: [90mGET /api/clientes[39m [36m304[39m [90m79ms[39m
2025-06-09T16:05:56.952Z [info]: [90mGET /api/sales[39m [36m304[39m [90m78ms[39m
2025-06-09T16:05:56.955Z [info]: [90mGET /api/articulos[39m [36m304[39m [90m82ms[39m
2025-06-09T16:05:56.957Z [info]: [90mGET /api/pedidos[39m [36m304[39m [90m84ms[39m
2025-06-09T16:05:57.038Z [info]: [90mGET /api/articulos[39m [36m304[39m [90m78ms[39m
2025-06-09T16:05:57.380Z [info]: [90mGET /api/sales/resumen-mensual[39m [36m304[39m [90m504ms[39m
2025-06-09T16:05:57.588Z [info]: [90mGET /api/clientes[39m [36m304[39m [90m629ms[39m
2025-06-09T16:05:57.671Z [info]: [90mGET /api/clientes[39m [36m304[39m [90m82ms[39m
2025-06-09T16:05:57.755Z [info]: [90mGET /api/clientes[39m [36m304[39m [90m82ms[39m
2025-06-09T16:32:38.375Z [info]: [90mGET /api/clientes[39m [31m500[39m [90m122916ms[39m
2025-06-09T16:32:38.378Z [info]: [90mGET /api/articulos[39m [31m500[39m [90m122915ms[39m
2025-06-09T16:32:38.378Z [info]: [90mGET /api/pedidos[39m [31m500[39m [90m122913ms[39m
2025-06-09T16:32:38.379Z [info]: [90mGET /api/sales[39m [31m500[39m [90m122912ms[39m
2025-06-09T16:32:38.379Z [info]: [90mGET /api/sales/resumen-mensual[39m [31m500[39m [90m122912ms[39m
2025-06-09T16:32:38.380Z [info]: [90mGET /api/articulos[39m [31m500[39m [90m116252ms[39m
2025-06-09T16:32:38.381Z [info]: [90mGET /api/clientes[39m [31m500[39m [90m116251ms[39m
2025-06-09T16:32:38.382Z [info]: [90mGET /api/articulos[39m [31m500[39m [90m114928ms[39m
2025-06-09T16:32:38.383Z [info]: [90mGET /api/clientes[39m [31m500[39m [90m114928ms[39m
2025-06-09T16:32:38.384Z [info]: [90mGET /api/clientes[39m [31m500[39m [90m114929ms[39m
2025-06-09T16:32:38.385Z [info]: [90mGET /api/pedidos[39m [31m500[39m [90m114928ms[39m
2025-06-09T16:32:38.386Z [info]: [90mGET /api/sales[39m [31m500[39m [90m114929ms[39m
2025-06-09T16:32:38.387Z [info]: [90mGET /api/sales/resumen-mensual[39m [31m500[39m [90m114930ms[39m
2025-06-09T16:33:08.392Z [info]: [90mGET /api/clientes[39m [31m500[39m [90m30003ms[39m
2025-06-09T16:33:08.464Z [info]: [90mGET /api/articulos[39m [31m500[39m [90m30004ms[39m
2025-06-09T16:33:08.464Z [info]: [90mGET /api/clientes[39m [31m500[39m [90m30005ms[39m
2025-06-09T16:55:19.673Z [info]: [90mGET /api/pedidos[39m [32m200[39m [90m5637ms[39m
2025-06-09T16:55:19.677Z [info]: [90mGET /api/sales[39m [32m200[39m [90m5616ms[39m
2025-06-09T16:55:20.087Z [info]: [90mGET /api/sales/resumen-mensual[39m [32m200[39m [90m6027ms[39m
2025-06-09T16:56:13.913Z [info]: 🔧 Creando índices en colecciones...
2025-06-09T16:56:14.895Z [info]: 🔍 Probando conexión a colecciones…
2025-06-09T16:56:14.895Z [info]: 📂 Colección Usuarios OK
2025-06-09T16:56:14.896Z [info]: 📂 Colección Articulos OK
2025-06-09T16:56:14.896Z [info]: 📂 Colección Pedidos OK
2025-06-09T16:56:14.897Z [info]: 📂 Colección Categorias OK
2025-06-09T16:56:14.897Z [info]: 📂 Colección Clientes OK
2025-06-09T16:56:14.897Z [info]: 📂 Colección Stats OK
2025-06-09T16:56:14.897Z [info]: 📂 Colección Sales OK
2025-06-09T16:56:14.901Z [info]: 🚀 Servidor corriendo en puerto 3005
2025-06-09T16:56:14.902Z [info]: 🔗 URL: http://localhost:3005
2025-06-09T16:56:26.714Z [info]: [90mGET /api/pedidos[39m [36m304[39m [90m93ms[39m
2025-06-09T16:56:26.720Z [info]: [90mGET /api/sales[39m [36m304[39m [90m106ms[39m
2025-06-09T16:56:26.725Z [info]: [90mGET /api/sales/resumen-mensual[39m [36m304[39m [90m108ms[39m
